# JRE version: Java(TM) SE Runtime Environment (8.0_05-b13) (build 1.8.0_05-b13)
# Java VM: Java HotSpot(TM) 64-Bit Server VM (25.5-b02 mixed mode windows-amd64 compressed oops)
Heap:
 PSYoungGen      total 1536K, used 1519K [0x00000000d5d00000, 0x00000000d6000000, 0x0000000100000000)
  eden space 1024K, 99% used [0x00000000d5d00000,0x00000000d5dffde0,0x00000000d5e00000)
  from space 512K, 96% used [0x00000000d5e00000,0x00000000d5e7c010,0x00000000d5e80000)
  to   space 512K, 0% used [0x00000000d5f80000,0x00000000d5f80000,0x00000000d6000000)
 ParOldGen       total 129536K, used 371K [0x0000000081600000, 0x0000000089480000, 0x00000000d5d00000)
  object space 129536K, 0% used [0x0000000081600000,0x000000008165ced8,0x0000000089480000)
 Metaspace       used 3045K, capacity 4664K, committed 4864K, reserved 1056768K
  class space    used 331K, capacity 424K, committed 512K, reserved 1048576K
GC Heap History (6 events):
Event: 0.110 GC heap before
{Heap before GC invocations=1 (full 0):
 PSYoungGen      total 1024K, used 512K [0x00000000d5d00000, 0x00000000d5e80000, 0x0000000100000000)
  eden space 512K, 100% used [0x00000000d5d00000,0x00000000d5d80000,0x00000000d5d80000)
  from space 512K, 0% used [0x00000000d5e00000,0x00000000d5e00000,0x00000000d5e80000)
  to   space 512K, 0% used [0x00000000d5d80000,0x00000000d5d80000,0x00000000d5e00000)
 ParOldGen       total 129536K, used 0K [0x0000000081600000, 0x0000000089480000, 0x00000000d5d00000)
  object space 129536K, 0% used [0x0000000081600000,0x0000000081600000,0x0000000089480000)
 Metaspace       used 2022K, capacity 4480K, committed 4480K, reserved 1056768K
  class space    used 223K, capacity 384K, committed 384K, reserved 1048576K
Event: 0.111 GC heap after
Heap after GC invocations=1 (full 0):
 PSYoungGen      total 1024K, used 416K [0x00000000d5d00000, 0x00000000d5f00000, 0x0000000100000000)
  eden space 512K, 0% used [0x00000000d5d00000,0x00000000d5d00000,0x00000000d5d80000)
  from space 512K, 81% used [0x00000000d5d80000,0x00000000d5de8000,0x00000000d5e00000)
  to   space 512K, 0% used [0x00000000d5e80000,0x00000000d5e80000,0x00000000d5f00000)
 ParOldGen       total 129536K, used 0K [0x0000000081600000, 0x0000000089480000, 0x00000000d5d00000)
  object space 129536K, 0% used [0x0000000081600000,0x0000000081600000,0x0000000089480000)
 Metaspace       used 2022K, capacity 4480K, committed 4480K, reserved 1056768K
  class space    used 223K, capacity 384K, committed 384K, reserved 1048576K
}
Event: 0.166 GC heap before
{Heap before GC invocations=2 (full 0):
 PSYoungGen      total 1024K, used 928K [0x00000000d5d00000, 0x00000000d5f00000, 0x0000000100000000)
  eden space 512K, 100% used [0x00000000d5d00000,0x00000000d5d80000,0x00000000d5d80000)
  from space 512K, 81% used [0x00000000d5d80000,0x00000000d5de8000,0x00000000d5e00000)
  to   space 512K, 0% used [0x00000000d5e80000,0x00000000d5e80000,0x00000000d5f00000)
 ParOldGen       total 129536K, used 0K [0x0000000081600000, 0x0000000089480000, 0x00000000d5d00000)
  object space 129536K, 0% used [0x0000000081600000,0x0000000081600000,0x0000000089480000)
 Metaspace       used 2612K, capacity 4480K, committed 4480K, reserved 1056768K
  class space    used 285K, capacity 384K, committed 384K, reserved 1048576K
Event: 0.181 GC heap after
Heap after GC invocations=2 (full 0):
 PSYoungGen      total 1536K, used 512K [0x00000000d5d00000, 0x00000000d5f00000, 0x0000000100000000)
  eden space 1024K, 0% used [0x00000000d5d00000,0x00000000d5d00000,0x00000000d5e00000)
  from space 512K, 100% used [0x00000000d5e80000,0x00000000d5f00000,0x00000000d5f00000)
  to   space 512K, 0% used [0x00000000d5e00000,0x00000000d5e00000,0x00000000d5e80000)
 ParOldGen       total 129536K, used 64K [0x0000000081600000, 0x0000000089480000, 0x00000000d5d00000)
  object space 129536K, 0% used [0x0000000081600000,0x0000000081610000,0x0000000089480000)
 Metaspace       used 2612K, capacity 4480K, committed 4480K, reserved 1056768K
  class space    used 285K, capacity 384K, committed 384K, reserved 1048576K
}
Event: 0.243 GC heap before
{Heap before GC invocations=3 (full 0):
 PSYoungGen      total 1536K, used 1536K [0x00000000d5d00000, 0x00000000d5f00000, 0x0000000100000000)
  eden space 1024K, 100% used [0x00000000d5d00000,0x00000000d5e00000,0x00000000d5e00000)
  from space 512K, 100% used [0x00000000d5e80000,0x00000000d5f00000,0x00000000d5f00000)
  to   space 512K, 0% used [0x00000000d5e00000,0x00000000d5e00000,0x00000000d5e80000)
 ParOldGen       total 129536K, used 64K [0x0000000081600000, 0x0000000089480000, 0x00000000d5d00000)
  object space 129536K, 0% used [0x0000000081600000,0x0000000081610000,0x0000000089480000)
 Metaspace       used 2741K, capacity 4480K, committed 4480K, reserved 1056768K
  class space    used 296K, capacity 384K, committed 384K, reserved 1048576K
Event: 0.260 GC heap after
Heap after GC invocations=3 (full 0):
 PSYoungGen      total 1536K, used 496K [0x00000000d5d00000, 0x00000000d6000000, 0x0000000100000000)
  eden space 1024K, 0% used [0x00000000d5d00000,0x00000000d5d00000,0x00000000d5e00000)
  from space 512K, 96% used [0x00000000d5e00000,0x00000000d5e7c010,0x00000000d5e80000)
  to   space 512K, 0% used [0x00000000d5f80000,0x00000000d5f80000,0x00000000d6000000)
 ParOldGen       total 129536K, used 371K [0x0000000081600000, 0x0000000089480000, 0x00000000d5d00000)
  object space 129536K, 0% used [0x0000000081600000,0x000000008165ced8,0x0000000089480000)
 Metaspace       used 2741K, capacity 4480K, committed 4480K, reserved 1056768K
  class space    used 296K, capacity 384K, committed 384K, reserved 1048576K
}

